<?xml version="1.0" encoding="UTF-8"?>
<!-- Generated by org.testng.reporters.JUnitReportReporter -->
<testsuite hostname="fv-az182-299" failures="0" tests="1" name="com.seletest.AppTest" time="1.178" errors="0" timestamp="2021-05-28T10:48:07 UTC" skipped="0">
  <testcase classname="com.seletest.AppTest" name="doctest" time="1.178"/>
  <system-out/>
</testsuite> <!-- com.seletest.AppTest -->
