<?xml version="1.0" encoding="UTF-8"?>
<!-- Generated by org.testng.reporters.JUnitReportReporter -->
<testsuite hostname="fv-az278-786" failures="0" tests="2" name="com.seletest.AppTest" time="4.303" errors="0" timestamp="2021-05-28T17:55:49 UTC" skipped="0">
  <testcase classname="com.seletest.AppTest" name="doctest" time="2.156"/>
  <system-out/>
  <testcase classname="com.seletest.AppTest" name="doctest" time="2.147"/>
  <system-out/>
</testsuite> <!-- com.seletest.AppTest -->
