<?xml version="1.0" encoding="UTF-8"?>
<!-- Generated by org.testng.reporters.JUnitReportReporter -->
<testsuite hostname="fv-az272-132" failures="0" tests="1" name="com.seletest.AppTest" time="1.701" errors="0" timestamp="2021-05-28T10:53:13 UTC" skipped="0">
  <testcase classname="com.seletest.AppTest" name="doctest" time="1.701"/>
  <system-out/>
</testsuite> <!-- com.seletest.AppTest -->
